{
  "uid" : "2db35437d53f2739",
  "name" : "test_registration",
  "fullName" : "test.test_conduit.TestConduit#test_registration",
  "historyId" : "449695f6039cc9b1b387a819d6e9ef14",
  "time" : {
    "start" : 1628888028101,
    "stop" : 1628888042897,
    "duration" : 14796
  },
  "status" : "broken",
  "statusMessage" : "selenium.common.exceptions.TimeoutException: Message:",
  "statusTrace" : "self = <test_conduit.TestConduit object at 0x7f4eb2954eb0>\n\n    def test_registration(self):\n        self.driver.find_element_by_xpath('//a[@href=\"#/register\"]').click()\n        self.driver.find_element_by_xpath('//input[@placeholder=\"Username\"]').send_keys(\"Tester15@gmail.com\")\n        self.driver.find_element_by_xpath('//input[@placeholder=\"Email\"]').send_keys(\"Tester15@gmail.com\")\n        self.driver.find_element_by_xpath('//input[@placeholder=\"Password\"]').send_keys(\"Tester15@gmail.com\")\n        time.sleep(3)\n        self.driver.find_element_by_xpath('//button').click()\n        time.sleep(3)\n        self.driver.find_element_by_xpath('//button[@class=\"swal-button swal-button--confirm\"]').click()\n        time.sleep(3)\n>       element = WebDriverWait(\n            self.driver, 5).until(\n            EC.visibility_of_element_located((By.XPATH, ('//a[normalize-space(text())=\"Your Feed\"]')))\n        )\n\ntest/test_conduit.py:40: \n_ _ _ _ _ _ _ _ _ _ _ _ _ _ _ _ _ _ _ _ _ _ _ _ _ _ _ _ _ _ _ _ _ _ _ _ _ _ _ _ \n\nself = <selenium.webdriver.support.wait.WebDriverWait (session=\"43d7600a8c5e7542665e3ad8070cc07b\")>\nmethod = <selenium.webdriver.support.expected_conditions.visibility_of_element_located object at 0x7f4eb22c61f0>\nmessage = ''\n\n    def until(self, method, message=''):\n        \"\"\"Calls the method provided with the driver as an argument until the \\\n        return value is not False.\"\"\"\n        screen = None\n        stacktrace = None\n    \n        end_time = time.time() + self._timeout\n        while True:\n            try:\n                value = method(self._driver)\n                if value:\n                    return value\n            except self._ignored_exceptions as exc:\n                screen = getattr(exc, 'screen', None)\n                stacktrace = getattr(exc, 'stacktrace', None)\n            time.sleep(self._poll)\n            if time.time() > end_time:\n                break\n>       raise TimeoutException(message, screen, stacktrace)\nE       selenium.common.exceptions.TimeoutException: Message:\n\n/opt/hostedtoolcache/Python/3.9.5/x64/lib/python3.9/site-packages/selenium/webdriver/support/wait.py:80: TimeoutException",
  "flaky" : false,
  "newFailed" : false,
  "beforeStages" : [ ],
  "testStage" : {
    "status" : "broken",
    "statusMessage" : "selenium.common.exceptions.TimeoutException: Message:",
    "statusTrace" : "self = <test_conduit.TestConduit object at 0x7f4eb2954eb0>\n\n    def test_registration(self):\n        self.driver.find_element_by_xpath('//a[@href=\"#/register\"]').click()\n        self.driver.find_element_by_xpath('//input[@placeholder=\"Username\"]').send_keys(\"Tester15@gmail.com\")\n        self.driver.find_element_by_xpath('//input[@placeholder=\"Email\"]').send_keys(\"Tester15@gmail.com\")\n        self.driver.find_element_by_xpath('//input[@placeholder=\"Password\"]').send_keys(\"Tester15@gmail.com\")\n        time.sleep(3)\n        self.driver.find_element_by_xpath('//button').click()\n        time.sleep(3)\n        self.driver.find_element_by_xpath('//button[@class=\"swal-button swal-button--confirm\"]').click()\n        time.sleep(3)\n>       element = WebDriverWait(\n            self.driver, 5).until(\n            EC.visibility_of_element_located((By.XPATH, ('//a[normalize-space(text())=\"Your Feed\"]')))\n        )\n\ntest/test_conduit.py:40: \n_ _ _ _ _ _ _ _ _ _ _ _ _ _ _ _ _ _ _ _ _ _ _ _ _ _ _ _ _ _ _ _ _ _ _ _ _ _ _ _ \n\nself = <selenium.webdriver.support.wait.WebDriverWait (session=\"43d7600a8c5e7542665e3ad8070cc07b\")>\nmethod = <selenium.webdriver.support.expected_conditions.visibility_of_element_located object at 0x7f4eb22c61f0>\nmessage = ''\n\n    def until(self, method, message=''):\n        \"\"\"Calls the method provided with the driver as an argument until the \\\n        return value is not False.\"\"\"\n        screen = None\n        stacktrace = None\n    \n        end_time = time.time() + self._timeout\n        while True:\n            try:\n                value = method(self._driver)\n                if value:\n                    return value\n            except self._ignored_exceptions as exc:\n                screen = getattr(exc, 'screen', None)\n                stacktrace = getattr(exc, 'stacktrace', None)\n            time.sleep(self._poll)\n            if time.time() > end_time:\n                break\n>       raise TimeoutException(message, screen, stacktrace)\nE       selenium.common.exceptions.TimeoutException: Message:\n\n/opt/hostedtoolcache/Python/3.9.5/x64/lib/python3.9/site-packages/selenium/webdriver/support/wait.py:80: TimeoutException",
    "steps" : [ ],
    "attachments" : [ {
      "uid" : "45ced02e96ed32bb",
      "name" : "log",
      "source" : "45ced02e96ed32bb.txt",
      "type" : "text/plain",
      "size" : 344
    }, {
      "uid" : "dcebc7e36e7a5f36",
      "name" : "stderr",
      "source" : "dcebc7e36e7a5f36.txt",
      "type" : "text/plain",
      "size" : 215
    } ],
    "parameters" : [ ],
    "stepsCount" : 0,
    "attachmentsCount" : 2,
    "shouldDisplayMessage" : true,
    "hasContent" : true
  },
  "afterStages" : [ ],
  "labels" : [ {
    "name" : "parentSuite",
    "value" : "test"
  }, {
    "name" : "suite",
    "value" : "test_conduit"
  }, {
    "name" : "subSuite",
    "value" : "TestConduit"
  }, {
    "name" : "host",
    "value" : "fv-az74-94"
  }, {
    "name" : "thread",
    "value" : "3713-MainThread"
  }, {
    "name" : "framework",
    "value" : "pytest"
  }, {
    "name" : "language",
    "value" : "cpython3"
  }, {
    "name" : "package",
    "value" : "test.test_conduit"
  }, {
    "name" : "resultFormat",
    "value" : "allure2"
  } ],
  "parameters" : [ ],
  "links" : [ ],
  "hidden" : false,
  "retry" : false,
  "extra" : {
    "severity" : "normal",
    "retries" : [ ],
    "categories" : [ {
      "name" : "Test defects",
      "matchedStatuses" : [ ],
      "flaky" : false
    } ],
    "tags" : [ ]
  },
  "source" : "2db35437d53f2739.json",
  "parameterValues" : [ ]
}