{
  "uid" : "5a7003e6d34793e4",
  "name" : "test_pagination",
  "fullName" : "test.test_conduit.TestConduit#test_pagination",
  "historyId" : "ea4dc440b4aae7eea3f3a936ce57d583",
  "time" : {
    "start" : 1628447510414,
    "stop" : 1628447517419,
    "duration" : 7005
  },
  "status" : "failed",
  "statusMessage" : "AssertionError: assert '2' == 2\n +  where '2' = <selenium.webdriver.remote.webelement.WebElement (session=\"bd956d0daa2f74ea55dea12cbef49ff6\", element=\"4adaf3c7-a779-47dd-9d2e-63edf46e4cf7\")>.text",
  "statusTrace" : "self = <test_conduit.TestConduit object at 0x7f1e6665ab20>\n\n    def test_pagination(self):\n        self.test_login()\n        time.sleep(3)\n    \n    \n        page_numbers = self.driver.find_elements_by_class_name(\"page-link\")\n        for i in page_numbers:\n            i.click()\n    \n        time.sleep(3)\n        last_page_number = self.driver.find_element_by_xpath('//li[@class=\"page-item active\" and @data-test=\"page-link-2\"]')\n>       assert last_page_number.text == 2\nE       assert '2' == 2\nE        +  where '2' = <selenium.webdriver.remote.webelement.WebElement (session=\"bd956d0daa2f74ea55dea12cbef49ff6\", element=\"4adaf3c7-a779-47dd-9d2e-63edf46e4cf7\")>.text\n\ntest/test_conduit.py:229: AssertionError",
  "flaky" : false,
  "newFailed" : false,
  "beforeStages" : [ ],
  "testStage" : {
    "status" : "failed",
    "statusMessage" : "AssertionError: assert '2' == 2\n +  where '2' = <selenium.webdriver.remote.webelement.WebElement (session=\"bd956d0daa2f74ea55dea12cbef49ff6\", element=\"4adaf3c7-a779-47dd-9d2e-63edf46e4cf7\")>.text",
    "statusTrace" : "self = <test_conduit.TestConduit object at 0x7f1e6665ab20>\n\n    def test_pagination(self):\n        self.test_login()\n        time.sleep(3)\n    \n    \n        page_numbers = self.driver.find_elements_by_class_name(\"page-link\")\n        for i in page_numbers:\n            i.click()\n    \n        time.sleep(3)\n        last_page_number = self.driver.find_element_by_xpath('//li[@class=\"page-item active\" and @data-test=\"page-link-2\"]')\n>       assert last_page_number.text == 2\nE       assert '2' == 2\nE        +  where '2' = <selenium.webdriver.remote.webelement.WebElement (session=\"bd956d0daa2f74ea55dea12cbef49ff6\", element=\"4adaf3c7-a779-47dd-9d2e-63edf46e4cf7\")>.text\n\ntest/test_conduit.py:229: AssertionError",
    "steps" : [ ],
    "attachments" : [ {
      "uid" : "e556c4f2264c5035",
      "name" : "log",
      "source" : "e556c4f2264c5035.txt",
      "type" : "text/plain",
      "size" : 344
    }, {
      "uid" : "6948dd0ddc266618",
      "name" : "stderr",
      "source" : "6948dd0ddc266618.txt",
      "type" : "text/plain",
      "size" : 215
    } ],
    "parameters" : [ ],
    "stepsCount" : 0,
    "attachmentsCount" : 2,
    "shouldDisplayMessage" : true,
    "hasContent" : true
  },
  "afterStages" : [ ],
  "labels" : [ {
    "name" : "parentSuite",
    "value" : "test"
  }, {
    "name" : "suite",
    "value" : "test_conduit"
  }, {
    "name" : "subSuite",
    "value" : "TestConduit"
  }, {
    "name" : "host",
    "value" : "fv-az39-521"
  }, {
    "name" : "thread",
    "value" : "3783-MainThread"
  }, {
    "name" : "framework",
    "value" : "pytest"
  }, {
    "name" : "language",
    "value" : "cpython3"
  }, {
    "name" : "package",
    "value" : "test.test_conduit"
  }, {
    "name" : "resultFormat",
    "value" : "allure2"
  } ],
  "parameters" : [ ],
  "links" : [ ],
  "hidden" : false,
  "retry" : false,
  "extra" : {
    "severity" : "normal",
    "retries" : [ ],
    "categories" : [ {
      "name" : "Product defects",
      "matchedStatuses" : [ ],
      "flaky" : false
    } ],
    "tags" : [ ]
  },
  "source" : "5a7003e6d34793e4.json",
  "parameterValues" : [ ]
}